<?xml version="1.0" encoding="UTF-8"?>
<testng-results ignored="0" total="1" passed="1" failed="0" skipped="0">
  <reporter-output>
  </reporter-output>
  <suite started-at="2021-06-21T14:05:17 CDT" name="Default suite" finished-at="2021-06-21T14:05:20 CDT" duration-ms="3439">
    <groups>
    </groups>
    <test started-at="2021-06-21T14:05:17 CDT" name="Default test" finished-at="2021-06-21T14:05:20 CDT" duration-ms="3439">
      <class name="apiTesting.GetWeatherReportAPITest">
        <test-method signature="getSpecificCityWeather()[pri:0, instance:apiTesting.GetWeatherReportAPITest@26275bef]" started-at="2021-06-21T14:05:17 CDT" name="getSpecificCityWeather" finished-at="2021-06-21T14:05:20 CDT" duration-ms="3364" status="PASS">
          <reporter-output>
          </reporter-output>
        </test-method> <!-- getSpecificCityWeather -->
      </class> <!-- apiTesting.GetWeatherReportAPITest -->
    </test> <!-- Default test -->
  </suite> <!-- Default suite -->
</testng-results>
